 _       _             
(_) __ _| | ___   ___  
| |/ _` | |/ _ \ / _ \ 
| | (_| | | (_) | (_) |
|_|\__, |_|\___/ \___/ 
   |___/ coldmud/nunavut

        create name password            To create a new character
        connect name passsword          To connect to an existing character
        @quit                           To leave

!The user "Crag" does not exist.
*** Connected ***
Nowhere
You see nothing special.
Enter text for method start.
!Line 5: syntax error
Enter text for method start.
!Line 5: syntax error
Enter text for method start.
!Line 5: syntax error
Enter text for method start.
Method compiled.
Enter text for method start.
Method compiled.
Enter text for method start.
Method compiled.
