
Welcome to Cold World.

Enter one of the following commands:

        create name password            To create a new character
        connect name passsword          To connect to an existing character
        @quit                           To leave

The user "Crag" does not exist.
* * * Connected * * *
Nowhere
You see nothing special.
--> [$verb_cache, $utils, $user_db, $sys, $, $help_node, $has_verbs, $has_commands, $frob_class, $lock_parser]
--> $
ERROR: Method dbref not found.
Thrown by interpreter opcode MESSAGE.
~methodnf in #50.tmp_eval (defined on #50), line 1
~methoderr in #50.eval (defined on #1), line 19
~methoderr in #50.eval_cmd (defined on #34), line 11
~methoderr in #50.parse_command (defined on #41), line 32
~methoderr in #50.parse_command (defined on #34), line 12
--> 0
--> ['admin]
--> [$lock_class, $editor_class, $lock_parser]
