 _       _             
(_) __ _| | ___   ___  
| |/ _` | |/ _ \ / _ \ 
| | (_| | | (_) | (_) |
|_|\__, |_|\___/ \___/ 
   |___/ coldmud/nunavut

        create name password            To create a new character
        connect name passsword          To connect to an existing character
        @quit                           To leave

!The user "Crag" does not exist.
*** Connected ***
Nowhere
You see nothing special.
Caught error ~paramnf (No such parameter foo.)
    Extra data was: 0
    tb[2]      was: ['opcode, 'GET_OBJ_VAR]
  $admin_1.tmp_eval (on $admin_1): ~paramnf
  $root.eval (on $admin_1): ~methoderr
Caught error ~methodnf (Method create_cmd not found.)
    Extra data was: 0
    tb[2]      was: ['function, 'find_method]
  $root.find_method (on $admin_1): ~methodnf
  $programmer.list_cmd (on $admin_1): ~methodnf
  $user.parse_command (on $admin_1): ~methoderr
  $programmer.parse_command (on $admin_1): ~methoderr
Enter text for method list_cmd.
Method compiled.
!Neither the object nor its ancestors define a method by that name.
