!<The file 'welcome' is missing.>
!The user "Crag" does not exist.
!Usage: create <name> <password>
*** Connected ***
Nowhere
You see nothing special.
!type
!'children must be string.
!0
!opcode
!+
!type
!report_traceback
!#46
!#32
!134
!methoderr
!eval_cmd
!#46
!#34
!108
!methoderr
!parse_command
!#46
!#32
!141
!methoderr
!parse_command
!#46
!#34
!40
--> [$verb_cache, $sys, $frob_class, $lock_parser, $user_db, $utils, $has_verbs, $has_commands, $help_node]
!I don't understand that.
--> []
--> [["definer * this * eval *", 'eval_as_to_cmd], ["as * eval *", 'eval_as_cmd], ["eval *", 'eval_cmd], ["@program * on *", 'program_cmd], ["@show *", 'show_cmd], ["@params *", 'params_cmd], ["@methods *", 'methods_cmd], ["@verbs *", 'verbs_cmd], ["@list * on *", 'list_cmd], ["@dig * to *", 'dig_to_cmd], ["@dig *", 'dig_cmd], ["@who", 'who_cmd], ["@doing *", 'doing_cmd], ["@quit", 'quit_cmd], ["i?nventory", 'inventory_cmd], ["p?age * with *", 'page_cmd], ["sample_edit *", 'sample_edit_cmd]]
!I don't see that here.
Methods:
  init_root
  initialize
  uninitialize
  change_parents
  chparents
  will_inherit
  name
  name_str
  owners
  is_owned_by
  public
  fertile
  set_fertile
  set_name
  set_public
  set_owners
  add_owner
  del_owner
  spawn
  destroy
  add_parameter
  parameters
  del_parameter
  del_method
  methods
  parents
  children
  ancestors
  find_method
  find_next_method
  list_method
  compile
  show
  has_ancestor
  eval
