                          ***************************
                          *  Welcome to LambdaMOO!  *
                          ***************************
                                       
                      Running Version 1.8.2 of LambdaMOO

PLEASE NOTE:
   LambdaMOO is a new kind of society, where thousands of people voluntarily
come together from all over the world.  What these people say or do may not
always be to your liking; as when visiting any international city, it is wise
to be careful who you associate with and what you say.
   The operators of LambdaMOO have provided the materials for the buildings of
this community, but are not responsible for what is said or done in them.  In
particular, you must assume responsibility if you permit minors or others to
access LambdaMOO through your facilities.  The statements and viewpoints
expressed here are not necessarily those of the wizards, Pavel Curtis,
or Roger Crew, and those parties disclaim any responsibility for them.

NOTICE FOR JOURNALISTS AND RESEARCHERS:
  The citizens of LambdaMOO request that you ask for permission from all
direct participants before quoting any material collected here.

For assistance either now or later, type `help'.
The lag is low; there are 147 connected.
*** Connected ***
Storage room
Boxes, crates, scraps of stuff, and a dead rat are strewn about this small room. The air and everything else are dusty. Cough, cough. A hammock has been strung between two walls, and a single 60 watt bulb casts a dim light about the place.
Last connected Fri Nov 19 12:49:38 2004 PST from dsl081-175-009.sea1.dsl.speakeasy.net
Name          Conn Idle G Location     Pop Age
------------- ---- ---- - ------------ --- ---
Crag (#58746) 5s   0s   m Storage room 1   30 

Name                Disconn   Last G Location             Pop Age
------------------- --------- ---- - -------------------- --- ---
Q33 (#19845)        6d ago    13m  m bottle               0   ?? 
Chaos (#6853)       27d ago   2h   m sweetness & light    0   27 
Zachary (#4670)     47d ago   17d  m Zachary's Hangout    0   ?? 
Cashmere (#69437)   59d ago   3m   f ICU2wd               0   ?? 
Edge (#75142)       81d ago   4s   m Comfortably Numb     0   33 
LaTraviata (#50413) 389d ago  2h   f The Serail           0   31 
Snick (#86403)      1698d ago 40s  f The Broodroom        0   32 
SamIAm (#41011)     2086d ago 4h   m The Conversation Pit 0   42 
Mao (#54886)        2086d ago 4h   m Under this Red Rock  0   ?? 

Total 10 players; 1 online, 9 offline.
