
Welcome to Cold World.

Enter one of the following commands:

        create name password            To create a new character
        connect name passsword          To connect to an existing character
        @quit                           To leave

The user "Crag" does not exist.
* * * Connected * * *
Nowhere
You see nothing special.
--> $thing
--> $thing_1
--> $thing_2
--> $thing_3
--> #40
--> $thing_1
--> [$thing_1, $thing_2]
--> $admin_1
Line 2: syntax error
--> #41
--> [$thing_1, #41, $thing_3]
--> $thing_2
--> [$thing_1, #41, $thing_3]
