
Welcome to Cold World.

Enter one of the following commands:

        create name password            To create a new character
        connect name passsword          To connect to an existing character
        @quit                           To leave

The user "Crag" does not exist.
* * * Connected * * *
Nowhere
You see nothing special.
--> [$verb_cache, $utils, $user_db, $sys, $help_node, $has_verbs, $has_commands, $frob_class, $lock_parser]
ERROR: Method name_str not found.
Thrown by interpreter opcode MESSAGE.
~methodnf in #10.unparse (defined on #10), line 17
~methoderr in #50.eval_cmd (defined on #33), line 17
~methoderr in #50.parse_command (defined on #41), line 32
~methoderr in #50.parse_command (defined on #33), line 12
--> $help_user
ERROR: Method name_str not found.
Thrown by interpreter opcode MESSAGE.
~methodnf in #10.unparse (defined on #10), line 17
~methoderr in #10.unparse (defined on #10), line 25
~methoderr in #50.eval_cmd (defined on #33), line 17
~methoderr in #50.parse_command (defined on #41), line 32
~methoderr in #50.parse_command (defined on #33), line 12
