
Entering compressed mode.

                           .,:7I::,.                                            
                           :cTKKWWWWUOWm                                        
                       .2ZWWWWWWWWWWWWAI        ,,..                            
                    .:mAWWWWW: 7..   .        2W2                               
                    7WWWAWG                  ,WWWBEAEAmGmUoII;..                
                    NWEmAG                .cWWWEEBWBANEWWWWWWWWWWO.             
                    pWBANp7;;.        .7SWWWWAKAmDDDmmOUOOSGGKmOSWWm:           
      7Gm        .:.mWKmKmAWWWWWWWWWWWWWWWWApSGNpSOU2DKD2U222OKAD2DEWWt         
      ,2B       ;2I,IWADKBAAEBEBBEEEWBEANKGpSDmKpSODDZSAD22ZZZCOKG2UmWWWI       
      .,IU:..;CKBW7.;GAApKpKAAEEAANNAAANKKKKKNNKGGDODOUKK222CCTCTmKSK0TEWW      
    ,.17;oGGpmmDGD:,.IWESUpKKKNBBEEBWWWWWWAKKAEKAANANKpKKGGGSmmmpUKWo    SW.    
   ,,.o7I000ZTTCDO;.:.IWBmmNGGGmEWWWZZSKEWWWBAWWWWWWWBAABBWWNO22ONWWW     ,A    
  .,,,tIco00T0ZUmBO.,::UKWKNNW7  ;0T       7AWK7,..:tKWEWWD.      .UW:     ;    
  ,::,c0IctCTOKNpZO2:.,,0BEEEKN             Zp        7WW:          WW          
 .;7;;;ZottZKS;    GN;.,II12BWW7 WWK.       .          AW           ;W          
..;oot7722DS,       SAI7;.;IItZWWWWWW;.                WT           I.          
 .;12C2CcWW          oWp:.;:t1;;77SKWWWZG.:.           0                        
  ;;TUT  .G;          ;0,;;IWWWp1,   ;ICUSWpo2Ao,.;                             
  ;;;G:    .         .c0:7KWK72WWWWASZIt117IZU2OmmANSKK7,7.                     
  .1tt2              ,KcUWW.      :12DKKEABWWWWWWWWWWWWWWWWKmO,.                
   Im,W1              7KDAU;0.                ...:;7tZOKNWWWWWWWWO2;            
   17:;W:              ,;T2DWW:                            .:7ZGEWWWAA;.        
   .W   0;                  cWW7                                  ,I2EWWpI,     
    :S.                      .IEBC1.                                  .1SNWG:   
      ;                        7Wt                                        7OKG  
                                KWWc.                                       :SW 
                                 OSc,                                         KS
                                                                              .E
                                                                              ,E
                                                                              T

   |''||''|  ..|''||   '||''|.   '||' '||'      '||    ||' '||'  '|' '||''|.   
      ||    .|'    ||   ||   ||   ||   ||        |||  |||   ||    |   ||   ||  
      ||    ||      ||  ||''|'    ||   ||        |'|..'||   ||    |   ||    || 
      ||    '|.     ||  ||   |.   ||   ||        | '|' ||   ||    |   ||    || 
     .||.    ''|...|'  .||.  '|' .||. .||.....| .|. | .||.   '|..'   .||...|'   


               Original Diku Base: Hans Henrik, Katja Nyboe,
             Tom Madsen, Michael Seifert, and Sebastian Hammer.

-=-=-=-=-=-=-=-=-=-=-=-=-=-=-=-=-=-=-=-=-=-=-=-=-=-=-=-=-=-=-=-=-=-=-=-=-=-=-=-
          Enter your account name or "new" to create a new account
  Existing players: Create a new account OR login with your primary character
  to get started. You can then link all of your characters to your new account
-=-=-=-=-=-=-=-=-=-=-=-=-=-=-=-=-=-=-=-=-=-=-=-=-=-=-=-=-=-=-=-=-=-=-=-=-=-=-=-

That account does not exist. Please enter an account or "new" to create a new account
